Analysis & Synthesis report for Datapath
Fri Feb 07 14:33:46 2025
Quartus Prime Version 20.1.0 Build 711 06/05/2020 SJ Lite Edition


---------------------
; Table of Contents ;
---------------------
  1. Legal Notice
  2. Analysis & Synthesis Summary
  3. Analysis & Synthesis Settings
  4. Parallel Compilation
  5. Analysis & Synthesis Source Files Read
  6. Analysis & Synthesis Resource Usage Summary
  7. Analysis & Synthesis Resource Utilization by Entity
  8. General Register Statistics
  9. Multiplexer Restructuring Statistics (Restructuring Performed)
 10. Port Connectivity Checks: "Display_Controller:display|Binary_8_to_BCD:U2"
 11. Post-Synthesis Netlist Statistics for Top Partition
 12. Elapsed Time Per Partition
 13. Analysis & Synthesis Messages



----------------
; Legal Notice ;
----------------
Copyright (C) 2020  Intel Corporation. All rights reserved.
Your use of Intel Corporation's design tools, logic functions 
and other software and tools, and any partner logic 
functions, and any output files from any of the foregoing 
(including device programming or simulation files), and any 
associated documentation or information are expressly subject 
to the terms and conditions of the Intel Program License 
Subscription Agreement, the Intel Quartus Prime License Agreement,
the Intel FPGA IP License Agreement, or other applicable license
agreement, including, without limitation, that your use is for
the sole purpose of programming logic devices manufactured by
Intel and sold by Intel or its authorized distributors.  Please
refer to the applicable agreement for further details, at
https://fpgasoftware.intel.com/eula.



+-------------------------------------------------------------------------------+
; Analysis & Synthesis Summary                                                  ;
+---------------------------------+---------------------------------------------+
; Analysis & Synthesis Status     ; Successful - Fri Feb 07 14:33:46 2025       ;
; Quartus Prime Version           ; 20.1.0 Build 711 06/05/2020 SJ Lite Edition ;
; Revision Name                   ; Datapath                                    ;
; Top-level Entity Name           ; Datapath                                    ;
; Family                          ; Cyclone V                                   ;
; Logic utilization (in ALMs)     ; N/A                                         ;
; Total registers                 ; 16                                          ;
; Total pins                      ; 75                                          ;
; Total virtual pins              ; 0                                           ;
; Total block memory bits         ; 0                                           ;
; Total DSP Blocks                ; 0                                           ;
; Total HSSI RX PCSs              ; 0                                           ;
; Total HSSI PMA RX Deserializers ; 0                                           ;
; Total HSSI TX PCSs              ; 0                                           ;
; Total HSSI PMA TX Serializers   ; 0                                           ;
; Total PLLs                      ; 0                                           ;
; Total DLLs                      ; 0                                           ;
+---------------------------------+---------------------------------------------+


+---------------------------------------------------------------------------------------------------------------------------+
; Analysis & Synthesis Settings                                                                                             ;
+---------------------------------------------------------------------------------+--------------------+--------------------+
; Option                                                                          ; Setting            ; Default Value      ;
+---------------------------------------------------------------------------------+--------------------+--------------------+
; Device                                                                          ; 5CGXFC7C7F23C8     ;                    ;
; Top-level entity name                                                           ; Datapath           ; Datapath           ;
; Family name                                                                     ; Cyclone V          ; Cyclone V          ;
; Use smart compilation                                                           ; Off                ; Off                ;
; Enable parallel Assembler and Timing Analyzer during compilation                ; On                 ; On                 ;
; Enable compact report table                                                     ; Off                ; Off                ;
; Restructure Multiplexers                                                        ; Auto               ; Auto               ;
; MLAB Add Timing Constraints For Mixed-Port Feed-Through Mode Setting Don't Care ; Off                ; Off                ;
; Create Debugging Nodes for IP Cores                                             ; Off                ; Off                ;
; Preserve fewer node names                                                       ; On                 ; On                 ;
; Intel FPGA IP Evaluation Mode                                                   ; Enable             ; Enable             ;
; Verilog Version                                                                 ; Verilog_2001       ; Verilog_2001       ;
; VHDL Version                                                                    ; VHDL_1993          ; VHDL_1993          ;
; State Machine Processing                                                        ; Auto               ; Auto               ;
; Safe State Machine                                                              ; Off                ; Off                ;
; Extract Verilog State Machines                                                  ; On                 ; On                 ;
; Extract VHDL State Machines                                                     ; On                 ; On                 ;
; Ignore Verilog initial constructs                                               ; Off                ; Off                ;
; Iteration limit for constant Verilog loops                                      ; 5000               ; 5000               ;
; Iteration limit for non-constant Verilog loops                                  ; 250                ; 250                ;
; Add Pass-Through Logic to Inferred RAMs                                         ; On                 ; On                 ;
; Infer RAMs from Raw Logic                                                       ; On                 ; On                 ;
; Parallel Synthesis                                                              ; On                 ; On                 ;
; DSP Block Balancing                                                             ; Auto               ; Auto               ;
; NOT Gate Push-Back                                                              ; On                 ; On                 ;
; Power-Up Don't Care                                                             ; On                 ; On                 ;
; Remove Redundant Logic Cells                                                    ; Off                ; Off                ;
; Remove Duplicate Registers                                                      ; On                 ; On                 ;
; Ignore CARRY Buffers                                                            ; Off                ; Off                ;
; Ignore CASCADE Buffers                                                          ; Off                ; Off                ;
; Ignore GLOBAL Buffers                                                           ; Off                ; Off                ;
; Ignore ROW GLOBAL Buffers                                                       ; Off                ; Off                ;
; Ignore LCELL Buffers                                                            ; Off                ; Off                ;
; Ignore SOFT Buffers                                                             ; On                 ; On                 ;
; Limit AHDL Integers to 32 Bits                                                  ; Off                ; Off                ;
; Optimization Technique                                                          ; Balanced           ; Balanced           ;
; Carry Chain Length                                                              ; 70                 ; 70                 ;
; Auto Carry Chains                                                               ; On                 ; On                 ;
; Auto Open-Drain Pins                                                            ; On                 ; On                 ;
; Perform WYSIWYG Primitive Resynthesis                                           ; Off                ; Off                ;
; Auto ROM Replacement                                                            ; On                 ; On                 ;
; Auto RAM Replacement                                                            ; On                 ; On                 ;
; Auto DSP Block Replacement                                                      ; On                 ; On                 ;
; Auto Shift Register Replacement                                                 ; Auto               ; Auto               ;
; Allow Shift Register Merging across Hierarchies                                 ; Auto               ; Auto               ;
; Auto Clock Enable Replacement                                                   ; On                 ; On                 ;
; Strict RAM Replacement                                                          ; Off                ; Off                ;
; Allow Synchronous Control Signals                                               ; On                 ; On                 ;
; Force Use of Synchronous Clear Signals                                          ; Off                ; Off                ;
; Auto Resource Sharing                                                           ; Off                ; Off                ;
; Allow Any RAM Size For Recognition                                              ; Off                ; Off                ;
; Allow Any ROM Size For Recognition                                              ; Off                ; Off                ;
; Allow Any Shift Register Size For Recognition                                   ; Off                ; Off                ;
; Use LogicLock Constraints during Resource Balancing                             ; On                 ; On                 ;
; Ignore translate_off and synthesis_off directives                               ; Off                ; Off                ;
; Timing-Driven Synthesis                                                         ; On                 ; On                 ;
; Report Parameter Settings                                                       ; On                 ; On                 ;
; Report Source Assignments                                                       ; On                 ; On                 ;
; Report Connectivity Checks                                                      ; On                 ; On                 ;
; Ignore Maximum Fan-Out Assignments                                              ; Off                ; Off                ;
; Synchronization Register Chain Length                                           ; 3                  ; 3                  ;
; Power Optimization During Synthesis                                             ; Normal compilation ; Normal compilation ;
; HDL message level                                                               ; Level2             ; Level2             ;
; Suppress Register Optimization Related Messages                                 ; Off                ; Off                ;
; Number of Removed Registers Reported in Synthesis Report                        ; 5000               ; 5000               ;
; Number of Swept Nodes Reported in Synthesis Report                              ; 5000               ; 5000               ;
; Number of Inverted Registers Reported in Synthesis Report                       ; 100                ; 100                ;
; Clock MUX Protection                                                            ; On                 ; On                 ;
; Auto Gated Clock Conversion                                                     ; Off                ; Off                ;
; Block Design Naming                                                             ; Auto               ; Auto               ;
; SDC constraint protection                                                       ; Off                ; Off                ;
; Synthesis Effort                                                                ; Auto               ; Auto               ;
; Shift Register Replacement - Allow Asynchronous Clear Signal                    ; On                 ; On                 ;
; Pre-Mapping Resynthesis Optimization                                            ; Off                ; Off                ;
; Analysis & Synthesis Message Level                                              ; Medium             ; Medium             ;
; Disable Register Merging Across Hierarchies                                     ; Auto               ; Auto               ;
; Resource Aware Inference For Block RAM                                          ; On                 ; On                 ;
; Automatic Parallel Synthesis                                                    ; On                 ; On                 ;
; Partial Reconfiguration Bitstream ID                                            ; Off                ; Off                ;
+---------------------------------------------------------------------------------+--------------------+--------------------+


+------------------------------------------+
; Parallel Compilation                     ;
+----------------------------+-------------+
; Processors                 ; Number      ;
+----------------------------+-------------+
; Number detected on machine ; 8           ;
; Maximum allowed            ; 4           ;
;                            ;             ;
; Average used               ; 1.00        ;
; Maximum used               ; 4           ;
;                            ;             ;
; Usage by Processor         ; % Time Used ;
;     Processor 1            ; 100.0%      ;
;     Processors 2-4         ;   0.0%      ;
+----------------------------+-------------+


+-------------------------------------------------------------------------------------------------------------------------------------------------------------------------------------------------------------------------+
; Analysis & Synthesis Source Files Read                                                                                                                                                                                  ;
+------------------------------------------------------+-----------------+-----------------+--------------------------------------------------------------------------------------------------------------------+---------+
; File Name with User-Entered Path                     ; Used in Netlist ; File Type       ; File Name with Absolute Path                                                                                       ; Library ;
+------------------------------------------------------+-----------------+-----------------+--------------------------------------------------------------------------------------------------------------------+---------+
; ../Demux/Demux.vhd                                   ; yes             ; User VHDL File  ; C:/Users/Bianca/Documents/ufmg/3-periodo/lsd/vending-machine/rtl/Demux/Demux.vhd                                   ;         ;
; ../Binary_8_To_BCD/Binary_8_To_BCD.vhd               ; yes             ; User VHDL File  ; C:/Users/Bianca/Documents/ufmg/3-periodo/lsd/vending-machine/rtl/Binary_8_To_BCD/Binary_8_To_BCD.vhd               ;         ;
; ../Binary_4_To_BCD/Binary_4_to_BCD.vhd               ; yes             ; User VHDL File  ; C:/Users/Bianca/Documents/ufmg/3-periodo/lsd/vending-machine/rtl/Binary_4_To_BCD/Binary_4_to_BCD.vhd               ;         ;
; ../Display_Controller/Display_Controller.vhd         ; yes             ; User VHDL File  ; C:/Users/Bianca/Documents/ufmg/3-periodo/lsd/vending-machine/rtl/Display_Controller/Display_Controller.vhd         ;         ;
; ../Subtrator/Subtrator.vhd                           ; yes             ; User VHDL File  ; C:/Users/Bianca/Documents/ufmg/3-periodo/lsd/vending-machine/rtl/Subtrator/Subtrator.vhd                           ;         ;
; ../Somador/Somador.vhd                               ; yes             ; User VHDL File  ; C:/Users/Bianca/Documents/ufmg/3-periodo/lsd/vending-machine/rtl/Somador/Somador.vhd                               ;         ;
; ../Registrador/Registrador.vhd                       ; yes             ; User VHDL File  ; C:/Users/Bianca/Documents/ufmg/3-periodo/lsd/vending-machine/rtl/Registrador/Registrador.vhd                       ;         ;
; ../Decodificador_Produto/Decodificador_Produto.vhd   ; yes             ; User VHDL File  ; C:/Users/Bianca/Documents/ufmg/3-periodo/lsd/vending-machine/rtl/Decodificador_Produto/Decodificador_Produto.vhd   ;         ;
; ../Comparador_Maior_Igual/Comparador_Maior_Igual.vhd ; yes             ; User VHDL File  ; C:/Users/Bianca/Documents/ufmg/3-periodo/lsd/vending-machine/rtl/Comparador_Maior_Igual/Comparador_Maior_Igual.vhd ;         ;
; ../Comparador_Maior/Comparador_Maior.vhd             ; yes             ; User VHDL File  ; C:/Users/Bianca/Documents/ufmg/3-periodo/lsd/vending-machine/rtl/Comparador_Maior/Comparador_Maior.vhd             ;         ;
; Datapath.vhd                                         ; yes             ; User VHDL File  ; C:/Users/Bianca/Documents/ufmg/3-periodo/lsd/vending-machine/rtl/Datapath/Datapath.vhd                             ;         ;
+------------------------------------------------------+-----------------+-----------------+--------------------------------------------------------------------------------------------------------------------+---------+


+-------------------------------------------------------------------+
; Analysis & Synthesis Resource Usage Summary                       ;
+---------------------------------------------+---------------------+
; Resource                                    ; Usage               ;
+---------------------------------------------+---------------------+
; Estimate of Logic utilization (ALMs needed) ; 75                  ;
;                                             ;                     ;
; Combinational ALUT usage for logic          ; 120                 ;
;     -- 7 input functions                    ; 2                   ;
;     -- 6 input functions                    ; 28                  ;
;     -- 5 input functions                    ; 19                  ;
;     -- 4 input functions                    ; 30                  ;
;     -- <=3 input functions                  ; 41                  ;
;                                             ;                     ;
; Dedicated logic registers                   ; 16                  ;
;                                             ;                     ;
; I/O pins                                    ; 75                  ;
;                                             ;                     ;
; Total DSP Blocks                            ; 0                   ;
;                                             ;                     ;
; Maximum fan-out node                        ; estado_fsm[1]~input ;
; Maximum fan-out                             ; 32                  ;
; Total fan-out                               ; 693                 ;
; Average fan-out                             ; 2.42                ;
+---------------------------------------------+---------------------+


+---------------------------------------------------------------------------------------------------------------------------------------------------------------------------------------------------------------------------------------------------------+
; Analysis & Synthesis Resource Utilization by Entity                                                                                                                                                                                                     ;
+----------------------------------------------+---------------------+---------------------------+-------------------+------------+------+--------------+---------------------------------------------------------+------------------------+--------------+
; Compilation Hierarchy Node                   ; Combinational ALUTs ; Dedicated Logic Registers ; Block Memory Bits ; DSP Blocks ; Pins ; Virtual Pins ; Full Hierarchy Name                                     ; Entity Name            ; Library Name ;
+----------------------------------------------+---------------------+---------------------------+-------------------+------------+------+--------------+---------------------------------------------------------+------------------------+--------------+
; |Datapath                                    ; 120 (0)             ; 16 (0)                    ; 0                 ; 0          ; 75   ; 0            ; |Datapath                                               ; Datapath               ; work         ;
;    |Comparador_Maior:comp_maior|             ; 4 (4)               ; 0 (0)                     ; 0                 ; 0          ; 0    ; 0            ; |Datapath|Comparador_Maior:comp_maior                   ; Comparador_Maior       ; work         ;
;    |Comparador_Maior_Igual:comp_maior_igual| ; 5 (5)               ; 0 (0)                     ; 0                 ; 0          ; 0    ; 0            ; |Datapath|Comparador_Maior_Igual:comp_maior_igual       ; Comparador_Maior_Igual ; work         ;
;    |Decodificador_Produto:decod_preco_prod|  ; 8 (8)               ; 0 (0)                     ; 0                 ; 0          ; 0    ; 0            ; |Datapath|Decodificador_Produto:decod_preco_prod        ; Decodificador_Produto  ; work         ;
;    |Demux:demux_coin_and_more_coins|         ; 2 (2)               ; 0 (0)                     ; 0                 ; 0          ; 0    ; 0            ; |Datapath|Demux:demux_coin_and_more_coins               ; Demux                  ; work         ;
;    |Demux:demux_product_and_not_more_coins|  ; 2 (2)               ; 0 (0)                     ; 0                 ; 0          ; 0    ; 0            ; |Datapath|Demux:demux_product_and_not_more_coins        ; Demux                  ; work         ;
;    |Display_Controller:display|              ; 83 (60)             ; 0 (0)                     ; 0                 ; 0          ; 0    ; 0            ; |Datapath|Display_Controller:display                    ; Display_Controller     ; work         ;
;       |Binary_8_to_BCD:U1|                   ; 10 (10)             ; 0 (0)                     ; 0                 ; 0          ; 0    ; 0            ; |Datapath|Display_Controller:display|Binary_8_to_BCD:U1 ; Binary_8_to_BCD        ; work         ;
;       |Binary_8_to_BCD:U3|                   ; 13 (13)             ; 0 (0)                     ; 0                 ; 0          ; 0    ; 0            ; |Datapath|Display_Controller:display|Binary_8_to_BCD:U3 ; Binary_8_to_BCD        ; work         ;
;    |Registrador:reg_total_inserido|          ; 0 (0)               ; 8 (8)                     ; 0                 ; 0          ; 0    ; 0            ; |Datapath|Registrador:reg_total_inserido                ; Registrador            ; work         ;
;    |Registrador:reg_troco|                   ; 0 (0)               ; 8 (8)                     ; 0                 ; 0          ; 0    ; 0            ; |Datapath|Registrador:reg_troco                         ; Registrador            ; work         ;
;    |Somador:soma|                            ; 8 (8)               ; 0 (0)                     ; 0                 ; 0          ; 0    ; 0            ; |Datapath|Somador:soma                                  ; Somador                ; work         ;
;    |Subtrator:subtracao|                     ; 8 (8)               ; 0 (0)                     ; 0                 ; 0          ; 0    ; 0            ; |Datapath|Subtrator:subtracao                           ; Subtrator              ; work         ;
+----------------------------------------------+---------------------+---------------------------+-------------------+------------+------+--------------+---------------------------------------------------------+------------------------+--------------+
Note: For table entries with two numbers listed, the numbers in parentheses indicate the number of resources of the given type used by the specific entity alone. The numbers listed outside of parentheses indicate the total resources of the given type used by the specific entity and all of its sub-entities in the hierarchy.


+------------------------------------------------------+
; General Register Statistics                          ;
+----------------------------------------------+-------+
; Statistic                                    ; Value ;
+----------------------------------------------+-------+
; Total registers                              ; 16    ;
; Number of registers using Synchronous Clear  ; 0     ;
; Number of registers using Synchronous Load   ; 0     ;
; Number of registers using Asynchronous Clear ; 16    ;
; Number of registers using Asynchronous Load  ; 0     ;
; Number of registers using Clock Enable       ; 16    ;
; Number of registers using Preset             ; 0     ;
+----------------------------------------------+-------+


+----------------------------------------------------------------------------------------------------------------------------------------------------------------------------+
; Multiplexer Restructuring Statistics (Restructuring Performed)                                                                                                             ;
+--------------------+-----------+---------------+----------------------+------------------------+------------+--------------------------------------------------------------+
; Multiplexer Inputs ; Bus Width ; Baseline Area ; Area if Restructured ; Saving if Restructured ; Registered ; Example Multiplexer Output                                   ;
+--------------------+-----------+---------------+----------------------+------------------------+------------+--------------------------------------------------------------+
; 3:1                ; 4 bits    ; 8 LEs         ; 4 LEs                ; 4 LEs                  ; No         ; |Datapath|Display_Controller:display|Binary_8_to_BCD:U3|Add6 ;
; 9:1                ; 3 bits    ; 18 LEs        ; 12 LEs               ; 6 LEs                  ; No         ; |Datapath|Display_Controller:display|Mux9                    ;
; 16:1               ; 3 bits    ; 30 LEs        ; 27 LEs               ; 3 LEs                  ; No         ; |Datapath|Display_Controller:display|Mux13                   ;
+--------------------+-----------+---------------+----------------------+------------------------+------------+--------------------------------------------------------------+


+-------------------------------------------------------------------------------------------------------------------+
; Port Connectivity Checks: "Display_Controller:display|Binary_8_to_BCD:U2"                                         ;
+---------+--------+----------+-------------------------------------------------------------------------------------+
; Port    ; Type   ; Severity ; Details                                                                             ;
+---------+--------+----------+-------------------------------------------------------------------------------------+
; bcd_out ; Output ; Info     ; Connected to dangling logic. Logic that only feeds a dangling port will be removed. ;
+---------+--------+----------+-------------------------------------------------------------------------------------+


+-----------------------------------------------------+
; Post-Synthesis Netlist Statistics for Top Partition ;
+-----------------------+-----------------------------+
; Type                  ; Count                       ;
+-----------------------+-----------------------------+
; arriav_ff             ; 16                          ;
;     ENA CLR           ; 16                          ;
; arriav_lcell_comb     ; 126                         ;
;     arith             ; 8                           ;
;         1 data inputs ; 4                           ;
;         2 data inputs ; 4                           ;
;     extend            ; 2                           ;
;         7 data inputs ; 2                           ;
;     normal            ; 108                         ;
;         0 data inputs ; 1                           ;
;         1 data inputs ; 5                           ;
;         2 data inputs ; 8                           ;
;         3 data inputs ; 17                          ;
;         4 data inputs ; 30                          ;
;         5 data inputs ; 19                          ;
;         6 data inputs ; 28                          ;
;     shared            ; 8                           ;
;         2 data inputs ; 8                           ;
; boundary_port         ; 75                          ;
;                       ;                             ;
; Max LUT depth         ; 6.00                        ;
; Average LUT depth     ; 3.70                        ;
+-----------------------+-----------------------------+


+-------------------------------+
; Elapsed Time Per Partition    ;
+----------------+--------------+
; Partition Name ; Elapsed Time ;
+----------------+--------------+
; Top            ; 00:00:02     ;
+----------------+--------------+


+-------------------------------+
; Analysis & Synthesis Messages ;
+-------------------------------+
Info: *******************************************************************
Info: Running Quartus Prime Analysis & Synthesis
    Info: Version 20.1.0 Build 711 06/05/2020 SJ Lite Edition
    Info: Processing started: Fri Feb 07 14:33:34 2025
Info: Command: quartus_map --read_settings_files=on --write_settings_files=off Datapath -c Datapath
Warning (18236): Number of processors has not been specified which may cause overloading on shared machines.  Set the global assignment NUM_PARALLEL_PROCESSORS in your QSF to an appropriate value for best performance.
Info (20030): Parallel compilation is enabled and will use 4 of the 4 processors detected
Info (12021): Found 2 design units, including 1 entities, in source file /users/bianca/documents/ufmg/3-periodo/lsd/vending-machine/rtl/demux/demux.vhd
    Info (12022): Found design unit 1: Demux-Behavioral File: C:/Users/Bianca/Documents/ufmg/3-periodo/lsd/vending-machine/rtl/Demux/Demux.vhd Line: 13
    Info (12023): Found entity 1: Demux File: C:/Users/Bianca/Documents/ufmg/3-periodo/lsd/vending-machine/rtl/Demux/Demux.vhd Line: 4
Info (12021): Found 2 design units, including 1 entities, in source file /users/bianca/documents/ufmg/3-periodo/lsd/vending-machine/rtl/binary_8_to_bcd/binary_8_to_bcd.vhd
    Info (12022): Found design unit 1: Binary_8_to_BCD-Behavioral File: C:/Users/Bianca/Documents/ufmg/3-periodo/lsd/vending-machine/rtl/Binary_8_To_BCD/Binary_8_To_BCD.vhd Line: 12
    Info (12023): Found entity 1: Binary_8_to_BCD File: C:/Users/Bianca/Documents/ufmg/3-periodo/lsd/vending-machine/rtl/Binary_8_To_BCD/Binary_8_To_BCD.vhd Line: 5
Info (12021): Found 2 design units, including 1 entities, in source file /users/bianca/documents/ufmg/3-periodo/lsd/vending-machine/rtl/binary_4_to_bcd/binary_4_to_bcd.vhd
    Info (12022): Found design unit 1: Binary_4_to_BCD-Behavioral File: C:/Users/Bianca/Documents/ufmg/3-periodo/lsd/vending-machine/rtl/Binary_4_To_BCD/Binary_4_to_BCD.vhd Line: 11
    Info (12023): Found entity 1: Binary_4_to_BCD File: C:/Users/Bianca/Documents/ufmg/3-periodo/lsd/vending-machine/rtl/Binary_4_To_BCD/Binary_4_to_BCD.vhd Line: 4
Info (12021): Found 2 design units, including 1 entities, in source file /users/bianca/documents/ufmg/3-periodo/lsd/vending-machine/rtl/display_controller/display_controller.vhd
    Info (12022): Found design unit 1: Display_Controller-Behavioral File: C:/Users/Bianca/Documents/ufmg/3-periodo/lsd/vending-machine/rtl/Display_Controller/Display_Controller.vhd Line: 16
    Info (12023): Found entity 1: Display_Controller File: C:/Users/Bianca/Documents/ufmg/3-periodo/lsd/vending-machine/rtl/Display_Controller/Display_Controller.vhd Line: 5
Info (12021): Found 2 design units, including 1 entities, in source file /users/bianca/documents/ufmg/3-periodo/lsd/vending-machine/rtl/subtrator/subtrator.vhd
    Info (12022): Found design unit 1: Subtrator-Behavioral File: C:/Users/Bianca/Documents/ufmg/3-periodo/lsd/vending-machine/rtl/Subtrator/Subtrator.vhd Line: 13
    Info (12023): Found entity 1: Subtrator File: C:/Users/Bianca/Documents/ufmg/3-periodo/lsd/vending-machine/rtl/Subtrator/Subtrator.vhd Line: 5
Info (12021): Found 2 design units, including 1 entities, in source file /users/bianca/documents/ufmg/3-periodo/lsd/vending-machine/rtl/somador/somador.vhd
    Info (12022): Found design unit 1: Somador-Behavioral File: C:/Users/Bianca/Documents/ufmg/3-periodo/lsd/vending-machine/rtl/Somador/Somador.vhd Line: 13
    Info (12023): Found entity 1: Somador File: C:/Users/Bianca/Documents/ufmg/3-periodo/lsd/vending-machine/rtl/Somador/Somador.vhd Line: 5
Info (12021): Found 2 design units, including 1 entities, in source file /users/bianca/documents/ufmg/3-periodo/lsd/vending-machine/rtl/registrador/registrador.vhd
    Info (12022): Found design unit 1: Registrador-Behavioral File: C:/Users/Bianca/Documents/ufmg/3-periodo/lsd/vending-machine/rtl/Registrador/Registrador.vhd Line: 14
    Info (12023): Found entity 1: Registrador File: C:/Users/Bianca/Documents/ufmg/3-periodo/lsd/vending-machine/rtl/Registrador/Registrador.vhd Line: 4
Info (12021): Found 2 design units, including 1 entities, in source file /users/bianca/documents/ufmg/3-periodo/lsd/vending-machine/rtl/decodificador_produto/decodificador_produto.vhd
    Info (12022): Found design unit 1: Decodificador_Produto-Behavioral File: C:/Users/Bianca/Documents/ufmg/3-periodo/lsd/vending-machine/rtl/Decodificador_Produto/Decodificador_Produto.vhd Line: 11
    Info (12023): Found entity 1: Decodificador_Produto File: C:/Users/Bianca/Documents/ufmg/3-periodo/lsd/vending-machine/rtl/Decodificador_Produto/Decodificador_Produto.vhd Line: 4
Info (12021): Found 2 design units, including 1 entities, in source file /users/bianca/documents/ufmg/3-periodo/lsd/vending-machine/rtl/comparador_maior_igual/comparador_maior_igual.vhd
    Info (12022): Found design unit 1: Comparador_Maior_Igual-Behavioral File: C:/Users/Bianca/Documents/ufmg/3-periodo/lsd/vending-machine/rtl/Comparador_Maior_Igual/Comparador_Maior_Igual.vhd Line: 12
    Info (12023): Found entity 1: Comparador_Maior_Igual File: C:/Users/Bianca/Documents/ufmg/3-periodo/lsd/vending-machine/rtl/Comparador_Maior_Igual/Comparador_Maior_Igual.vhd Line: 4
Info (12021): Found 2 design units, including 1 entities, in source file /users/bianca/documents/ufmg/3-periodo/lsd/vending-machine/rtl/comparador_maior/comparador_maior.vhd
    Info (12022): Found design unit 1: Comparador_Maior-Behavioral File: C:/Users/Bianca/Documents/ufmg/3-periodo/lsd/vending-machine/rtl/Comparador_Maior/Comparador_Maior.vhd Line: 12
    Info (12023): Found entity 1: Comparador_Maior File: C:/Users/Bianca/Documents/ufmg/3-periodo/lsd/vending-machine/rtl/Comparador_Maior/Comparador_Maior.vhd Line: 4
Info (12021): Found 2 design units, including 1 entities, in source file datapath.vhd
    Info (12022): Found design unit 1: Datapath-Behavioral File: C:/Users/Bianca/Documents/ufmg/3-periodo/lsd/vending-machine/rtl/Datapath/Datapath.vhd Line: 30
    Info (12023): Found entity 1: Datapath File: C:/Users/Bianca/Documents/ufmg/3-periodo/lsd/vending-machine/rtl/Datapath/Datapath.vhd Line: 6
Info (12021): Found 2 design units, including 1 entities, in source file datapath_tb.vhd
    Info (12022): Found design unit 1: Datapath_TB-Behavioral File: C:/Users/Bianca/Documents/ufmg/3-periodo/lsd/vending-machine/rtl/Datapath/Datapath_TB.vhd Line: 8
    Info (12023): Found entity 1: Datapath_TB File: C:/Users/Bianca/Documents/ufmg/3-periodo/lsd/vending-machine/rtl/Datapath/Datapath_TB.vhd Line: 5
Info (12021): Found 2 design units, including 1 entities, in source file somador_registrador_tb.vhd
    Info (12022): Found design unit 1: Somador_Registrador_TB-Behavioral File: C:/Users/Bianca/Documents/ufmg/3-periodo/lsd/vending-machine/rtl/Datapath/Somador_Registrador_TB.vhd Line: 8
    Info (12023): Found entity 1: Somador_Registrador_TB File: C:/Users/Bianca/Documents/ufmg/3-periodo/lsd/vending-machine/rtl/Datapath/Somador_Registrador_TB.vhd Line: 5
Info (12021): Found 2 design units, including 1 entities, in source file decodificador_comparador_tb.vhd
    Info (12022): Found design unit 1: Decodificador_Comparador_TB-Behavioral File: C:/Users/Bianca/Documents/ufmg/3-periodo/lsd/vending-machine/rtl/Datapath/Decodificador_Comparador_TB.vhd Line: 8
    Info (12023): Found entity 1: Decodificador_Comparador_TB File: C:/Users/Bianca/Documents/ufmg/3-periodo/lsd/vending-machine/rtl/Datapath/Decodificador_Comparador_TB.vhd Line: 5
Info (12021): Found 2 design units, including 1 entities, in source file subtrator_registrador_tb.vhd
    Info (12022): Found design unit 1: Subtrator_Registrador_TB-Behavioral File: C:/Users/Bianca/Documents/ufmg/3-periodo/lsd/vending-machine/rtl/Datapath/Subtrator_Registrador_TB.vhd Line: 8
    Info (12023): Found entity 1: Subtrator_Registrador_TB File: C:/Users/Bianca/Documents/ufmg/3-periodo/lsd/vending-machine/rtl/Datapath/Subtrator_Registrador_TB.vhd Line: 5
Info (12127): Elaborating entity "Datapath" for the top level hierarchy
Info (12128): Elaborating entity "Somador" for hierarchy "Somador:soma" File: C:/Users/Bianca/Documents/ufmg/3-periodo/lsd/vending-machine/rtl/Datapath/Datapath.vhd Line: 111
Info (12128): Elaborating entity "Comparador_Maior_Igual" for hierarchy "Comparador_Maior_Igual:comp_maior_igual" File: C:/Users/Bianca/Documents/ufmg/3-periodo/lsd/vending-machine/rtl/Datapath/Datapath.vhd Line: 117
Info (12128): Elaborating entity "Comparador_Maior" for hierarchy "Comparador_Maior:comp_maior" File: C:/Users/Bianca/Documents/ufmg/3-periodo/lsd/vending-machine/rtl/Datapath/Datapath.vhd Line: 123
Info (12128): Elaborating entity "Decodificador_Produto" for hierarchy "Decodificador_Produto:decod_preco_prod" File: C:/Users/Bianca/Documents/ufmg/3-periodo/lsd/vending-machine/rtl/Datapath/Datapath.vhd Line: 129
Info (12128): Elaborating entity "Registrador" for hierarchy "Registrador:reg_total_inserido" File: C:/Users/Bianca/Documents/ufmg/3-periodo/lsd/vending-machine/rtl/Datapath/Datapath.vhd Line: 134
Info (12128): Elaborating entity "Subtrator" for hierarchy "Subtrator:subtracao" File: C:/Users/Bianca/Documents/ufmg/3-periodo/lsd/vending-machine/rtl/Datapath/Datapath.vhd Line: 142
Info (12128): Elaborating entity "Display_Controller" for hierarchy "Display_Controller:display" File: C:/Users/Bianca/Documents/ufmg/3-periodo/lsd/vending-machine/rtl/Datapath/Datapath.vhd Line: 156
Warning (10036): Verilog HDL or VHDL warning at Display_Controller.vhd(28): object "preco_produto_bcd" assigned a value but never read File: C:/Users/Bianca/Documents/ufmg/3-periodo/lsd/vending-machine/rtl/Display_Controller/Display_Controller.vhd Line: 28
Info (12128): Elaborating entity "Binary_8_to_BCD" for hierarchy "Display_Controller:display|Binary_8_to_BCD:U1" File: C:/Users/Bianca/Documents/ufmg/3-periodo/lsd/vending-machine/rtl/Display_Controller/Display_Controller.vhd Line: 52
Info (12128): Elaborating entity "Binary_4_to_BCD" for hierarchy "Display_Controller:display|Binary_4_to_BCD:U4" File: C:/Users/Bianca/Documents/ufmg/3-periodo/lsd/vending-machine/rtl/Display_Controller/Display_Controller.vhd Line: 70
Info (12128): Elaborating entity "Demux" for hierarchy "Demux:demux_coin_and_more_coins" File: C:/Users/Bianca/Documents/ufmg/3-periodo/lsd/vending-machine/rtl/Datapath/Datapath.vhd Line: 165
Warning (13024): Output pins are stuck at VCC or GND
    Warning (13410): Pin "valor_displays[21]" is stuck at VCC File: C:/Users/Bianca/Documents/ufmg/3-periodo/lsd/vending-machine/rtl/Datapath/Datapath.vhd Line: 26
    Warning (13410): Pin "valor_displays[22]" is stuck at VCC File: C:/Users/Bianca/Documents/ufmg/3-periodo/lsd/vending-machine/rtl/Datapath/Datapath.vhd Line: 26
    Warning (13410): Pin "valor_displays[23]" is stuck at VCC File: C:/Users/Bianca/Documents/ufmg/3-periodo/lsd/vending-machine/rtl/Datapath/Datapath.vhd Line: 26
    Warning (13410): Pin "valor_displays[24]" is stuck at VCC File: C:/Users/Bianca/Documents/ufmg/3-periodo/lsd/vending-machine/rtl/Datapath/Datapath.vhd Line: 26
    Warning (13410): Pin "valor_displays[25]" is stuck at VCC File: C:/Users/Bianca/Documents/ufmg/3-periodo/lsd/vending-machine/rtl/Datapath/Datapath.vhd Line: 26
    Warning (13410): Pin "valor_displays[26]" is stuck at VCC File: C:/Users/Bianca/Documents/ufmg/3-periodo/lsd/vending-machine/rtl/Datapath/Datapath.vhd Line: 26
    Warning (13410): Pin "valor_displays[27]" is stuck at VCC File: C:/Users/Bianca/Documents/ufmg/3-periodo/lsd/vending-machine/rtl/Datapath/Datapath.vhd Line: 26
    Warning (13410): Pin "valor_displays[37]" is stuck at VCC File: C:/Users/Bianca/Documents/ufmg/3-periodo/lsd/vending-machine/rtl/Datapath/Datapath.vhd Line: 26
Info (286030): Timing-Driven Synthesis is running
Info (16010): Generating hard_block partition "hard_block:auto_generated_inst"
    Info (16011): Adding 0 node(s), including 0 DDIO, 0 PLL, 0 transceiver and 0 LCELL
Info (21057): Implemented 195 device resources after synthesis - the final resource count might be different
    Info (21058): Implemented 19 input pins
    Info (21059): Implemented 56 output pins
    Info (21061): Implemented 120 logic cells
Info: Quartus Prime Analysis & Synthesis was successful. 0 errors, 11 warnings
    Info: Peak virtual memory: 4857 megabytes
    Info: Processing ended: Fri Feb 07 14:33:46 2025
    Info: Elapsed time: 00:00:12
    Info: Total CPU time (on all processors): 00:00:23


